<?xml version="1.0" encoding="UTF-8"?>
<!-- Generated by org.testng.reporters.JUnitReportReporter -->
<testsuite skipped="0" hostname="sony-VAIO" name="com.crm.qa.testcases.LoginPageTest" tests="3" failures="0" timestamp="01 Aug 2018 00:37:21 GMT" time="38.886" errors="0">
  <testcase name="loginPageTitleTest" time="10.806" classname="com.crm.qa.testcases.LoginPageTest"/>
  <testcase name="crmLogoImageTest" time="12.204" classname="com.crm.qa.testcases.LoginPageTest"/>
  <testcase name="loginTest" time="15.876" classname="com.crm.qa.testcases.LoginPageTest"/>
</testsuite> <!-- com.crm.qa.testcases.LoginPageTest -->
