<?xml version="1.0" encoding="UTF-8"?>
<!-- Generated by org.testng.reporters.JUnitReportReporter -->
<testsuite skipped="0" hostname="sony-VAIO" name="com.crm.qa.testcases.LoginPageTest" tests="3" failures="0" timestamp="01 Aug 2018 10:08:58 GMT" time="37.375" errors="0">
  <testcase name="loginPageTitleTest" time="10.257" classname="com.crm.qa.testcases.LoginPageTest"/>
  <testcase name="crmLogoImageTest" time="10.093" classname="com.crm.qa.testcases.LoginPageTest"/>
  <testcase name="loginTest" time="17.025" classname="com.crm.qa.testcases.LoginPageTest"/>
</testsuite> <!-- com.crm.qa.testcases.LoginPageTest -->
